C:\>dism /online /get-packages
 
Deployment Image Servicing and Management tool
Version: 10.0.22000.1
 
Image Version: 10.0.22000.318
 
Packages listing:
 
Package Identity : Microsoft-OneCore-ApplicationModel-Sync-Desktop-FOD-Package~31bf3856ad364e35~amd64~~10.0.22000.65
State : Installed
Release Type : OnDemand Pack
Install Time : 7/24/2021 8:25 AM
 
Package Identity : Microsoft-OneCore-DirectX-Database-FOD-Package~31bf3856ad364e35~amd64~~10.0.22000.1
State : Installed
Release Type : OnDemand Pack
Install Time : 6/5/2021 2:24 PM
 
Package Identity : Microsoft-Windows-Client-LanguagePack-Package~31bf3856ad364e35~amd64~en-US~10.0.22000.100
State : Superseded
Release Type : Language Pack
Install Time : 7/24/2021 8:25 AM
 
Package Identity : Microsoft-Windows-Client-LanguagePack-Package~31bf3856ad364e35~amd64~en-US~10.0.22000.318
State : Installed
Release Type : Language Pack
Install Time : 2/2/2022 6:45 AM
 
Package Identity : Microsoft-Windows-Ethernet-Client-Intel-E1i68x64-FOD-Package~31bf3856ad364e35~amd64~~10.0.22000.1
State : Installed
Release Type : OnDemand Pack
Install Time : 6/5/2021 2:28 PM
 
Package Identity : Microsoft-Windows-Ethernet-Client-Intel-E2f68-FOD-Package~31bf3856ad364e35~amd64~~10.0.22000.1
State : Installed
Release Type : OnDemand Pack
Install Time : 6/5/2021 2:28 PM
 
Package Identity : Microsoft-Windows-Ethernet-Client-Realtek-Rtcx21x64-FOD-Package~31bf3856ad364e35~amd64~~10.0.22000.1
State : Installed
Release Type : OnDemand Pack
Install Time : 6/5/2021 2:28 PM
 
Package Identity : Microsoft-Windows-FodMetadata-Package~31bf3856ad364e35~amd64~~10.0.22000.1
State : Installed
Release Type : Feature Pack
Install Time : 6/5/2021 2:22 PM
 
Package Identity : Microsoft-Windows-Foundation-Package~31bf3856ad364e35~amd64~~10.0.22000.1
State : Installed
Release Type : Foundation
Install Time : 6/5/2021 12:14 PM
 
Package Identity : Microsoft-Windows-Hello-Face-Package~31bf3856ad364e35~amd64~~10.0.22000.100
State : Superseded
Release Type : OnDemand Pack
Install Time : 7/24/2021 8:25 AM
 
Package Identity : Microsoft-Windows-Hello-Face-Package~31bf3856ad364e35~amd64~~10.0.22000.120
State : Installed
Release Type : OnDemand Pack
Install Time : 2/2/2022 6:45 AM
 
Package Identity : Microsoft-Windows-InternetExplorer-Optional-Package~31bf3856ad364e35~amd64~en-US~11.0.22000.1
State : Installed
Release Type : OnDemand Pack
Install Time : 6/5/2021 2:29 PM
 
Package Identity : Microsoft-Windows-InternetExplorer-Optional-Package~31bf3856ad364e35~amd64~~11.0.22000.1
State : Superseded
Release Type : OnDemand Pack
Install Time : 6/5/2021 2:29 PM
 
Package Identity : Microsoft-Windows-InternetExplorer-Optional-Package~31bf3856ad364e35~amd64~~11.0.22000.120
State : Installed
Release Type : OnDemand Pack
Install Time : 2/2/2022 6:45 AM
 
Package Identity : Microsoft-Windows-Kernel-LA57-FoD-Package~31bf3856ad364e35~amd64~~10.0.22000.100
State : Superseded
Release Type : OnDemand Pack
Install Time : 7/24/2021 8:25 AM
 
Package Identity : Microsoft-Windows-Kernel-LA57-FoD-Package~31bf3856ad364e35~amd64~~10.0.22000.318
State : Installed
Release Type : OnDemand Pack
Install Time : 2/2/2022 6:45 AM
 
Package Identity : Microsoft-Windows-LanguageFeatures-Basic-en-us-Package~31bf3856ad364e35~amd64~~10.0.22000.100
State : Installed
Release Type : OnDemand Pack
Install Time : 7/24/2021 8:25 AM
 
Package Identity : Microsoft-Windows-LanguageFeatures-Handwriting-en-us-Package~31bf3856ad364e35~amd64~~10.0.22000.1
State : Installed
Release Type : OnDemand Pack
Install Time : 6/5/2021 2:22 PM
 
Package Identity : Microsoft-Windows-LanguageFeatures-OCR-en-us-Package~31bf3856ad364e35~amd64~~10.0.22000.1
State : Installed
Release Type : OnDemand Pack
Install Time : 6/5/2021 2:23 PM
 
Package Identity : Microsoft-Windows-LanguageFeatures-Speech-en-us-Package~31bf3856ad364e35~amd64~~10.0.22000.1
State : Installed
Release Type : OnDemand Pack
Install Time : 6/5/2021 2:23 PM
 
Package Identity : Microsoft-Windows-LanguageFeatures-TextToSpeech-en-us-Package~31bf3856ad364e35~amd64~~10.0.22000.1
State : Installed
Release Type : OnDemand Pack
Install Time : 6/5/2021 2:23 PM
 
Package Identity : Microsoft-Windows-MediaPlayer-Package~31bf3856ad364e35~amd64~~10.0.22000.100
State : Superseded
Release Type : OnDemand Pack
Install Time : 7/24/2021 8:25 AM
 
Package Identity : Microsoft-Windows-MediaPlayer-Package~31bf3856ad364e35~amd64~~10.0.22000.318
State : Installed
Release Type : OnDemand Pack
Install Time : 2/2/2022 6:45 AM
 
Package Identity : Microsoft-Windows-Notepad-System-FoD-Package~31bf3856ad364e35~amd64~en-US~10.0.22000.1
State : Installed
Release Type : OnDemand Pack
Install Time : 6/5/2021 2:31 PM
 
Package Identity : Microsoft-Windows-Notepad-System-FoD-Package~31bf3856ad364e35~amd64~~10.0.22000.1
State : Installed
Release Type : OnDemand Pack
Install Time : 6/5/2021 2:31 PM
 
Package Identity : Microsoft-Windows-Notepad-System-FoD-Package~31bf3856ad364e35~wow64~en-US~10.0.22000.1
State : Installed
Release Type : OnDemand Pack
Install Time : 6/5/2021 2:31 PM
 
Package Identity : Microsoft-Windows-Notepad-System-FoD-Package~31bf3856ad364e35~wow64~~10.0.22000.1
State : Installed
Release Type : OnDemand Pack
Install Time : 6/5/2021 2:31 PM
 
Package Identity : Microsoft-Windows-PowerShell-ISE-FOD-Package~31bf3856ad364e35~amd64~en-US~10.0.22000.1
State : Installed
Release Type : OnDemand Pack
Install Time : 6/5/2021 2:24 PM
 
Package Identity : Microsoft-Windows-PowerShell-ISE-FOD-Package~31bf3856ad364e35~amd64~~10.0.22000.1
State : Installed
Release Type : OnDemand Pack
Install Time : 6/5/2021 2:24 PM
 
Package Identity : Microsoft-Windows-PowerShell-ISE-FOD-Package~31bf3856ad364e35~wow64~en-US~10.0.22000.1
State : Installed
Release Type : OnDemand Pack
Install Time : 6/5/2021 2:24 PM
 
Package Identity : Microsoft-Windows-PowerShell-ISE-FOD-Package~31bf3856ad364e35~wow64~~10.0.22000.1
State : Installed
Release Type : OnDemand Pack
Install Time : 6/5/2021 2:24 PM
 
Package Identity : Microsoft-Windows-Printing-PMCPPC-FoD-Package~31bf3856ad364e35~amd64~en-US~10.0.22000.1
State : Installed
Release Type : OnDemand Pack
Install Time : 6/5/2021 2:31 PM
 
Package Identity : Microsoft-Windows-Printing-PMCPPC-FoD-Package~31bf3856ad364e35~amd64~~10.0.22000.1
State : Installed
Release Type : OnDemand Pack
Install Time : 6/5/2021 2:31 PM
 
Package Identity : Microsoft-Windows-Printing-WFS-FoD-Package~31bf3856ad364e35~amd64~en-US~10.0.22000.1
State : Installed
Release Type : OnDemand Pack
Install Time : 6/5/2021 2:30 PM
 
Package Identity : Microsoft-Windows-Printing-WFS-FoD-Package~31bf3856ad364e35~amd64~~10.0.22000.41
State : Installed
Release Type : OnDemand Pack
Install Time : 7/24/2021 8:25 AM
 
Package Identity : Microsoft-Windows-QuickAssist-Package~31bf3856ad364e35~amd64~~10.0.22000.282
State : Installed
Release Type : OnDemand Pack
Install Time : 2/2/2022 6:45 AM
 
Package Identity : Microsoft-Windows-QuickAssist-Package~31bf3856ad364e35~amd64~~10.0.22000.41
State : Superseded
Release Type : OnDemand Pack
Install Time : 7/24/2021 8:25 AM
 
Package Identity : Microsoft-Windows-StepsRecorder-Package~31bf3856ad364e35~amd64~en-US~10.0.22000.1
State : Installed
Release Type : OnDemand Pack
Install Time : 6/5/2021 2:24 PM
 
Package Identity : Microsoft-Windows-StepsRecorder-Package~31bf3856ad364e35~amd64~~10.0.22000.1
State : Installed
Release Type : OnDemand Pack
Install Time : 6/5/2021 2:24 PM
 
Package Identity : Microsoft-Windows-StepsRecorder-Package~31bf3856ad364e35~wow64~en-US~10.0.22000.1
State : Installed
Release Type : OnDemand Pack
Install Time : 6/5/2021 2:24 PM
 
Package Identity : Microsoft-Windows-StepsRecorder-Package~31bf3856ad364e35~wow64~~10.0.22000.1
State : Installed
Release Type : OnDemand Pack
Install Time : 6/5/2021 2:24 PM
 
Package Identity : Microsoft-Windows-TabletPCMath-Package~31bf3856ad364e35~amd64~~10.0.22000.65
State : Installed
Release Type : OnDemand Pack
Install Time : 7/24/2021 8:25 AM
 
Package Identity : Microsoft-Windows-UserExperience-Desktop-Package~31bf3856ad364e35~amd64~~10.0.22000.100
State : Superseded
Release Type : OnDemand Pack
Install Time : 7/24/2021 8:25 AM
 
Package Identity : Microsoft-Windows-UserExperience-Desktop-Package~31bf3856ad364e35~amd64~~10.0.22000.318
State : Installed
Release Type : OnDemand Pack
Install Time : 2/2/2022 6:45 AM
 
Package Identity : Microsoft-Windows-Wifi-Client-Broadcom-Bcmpciedhd63-FOD-Package~31bf3856ad364e35~amd64~~10.0.22000.1
State : Installed
Release Type : OnDemand Pack
Install Time : 6/5/2021 2:26 PM
 
Package Identity : Microsoft-Windows-Wifi-Client-Broadcom-Bcmwl63a-FOD-Package~31bf3856ad364e35~amd64~~10.0.22000.1
State : Installed
Release Type : OnDemand Pack
Install Time : 6/5/2021 2:26 PM
 
Package Identity : Microsoft-Windows-Wifi-Client-Broadcom-Bcmwl63al-FOD-Package~31bf3856ad364e35~amd64~~10.0.22000.1
State : Installed
Release Type : OnDemand Pack
Install Time : 6/5/2021 2:27 PM
 
Package Identity : Microsoft-Windows-Wifi-Client-Intel-Netwbw02-FOD-Package~31bf3856ad364e35~amd64~~10.0.22000.1
State : Installed
Release Type : OnDemand Pack
Install Time : 6/5/2021 2:25 PM
 
Package Identity : Microsoft-Windows-Wifi-Client-Intel-Netwew00-FOD-Package~31bf3856ad364e35~amd64~~10.0.22000.1
State : Installed
Release Type : OnDemand Pack
Install Time : 6/5/2021 2:25 PM
 
Package Identity : Microsoft-Windows-Wifi-Client-Intel-Netwew01-FOD-Package~31bf3856ad364e35~amd64~~10.0.22000.1
State : Installed
Release Type : OnDemand Pack
Install Time : 6/5/2021 2:25 PM
 
Package Identity : Microsoft-Windows-Wifi-Client-Intel-Netwlv64-FOD-Package~31bf3856ad364e35~amd64~~10.0.22000.1
State : Installed
Release Type : OnDemand Pack
Install Time : 6/5/2021 2:25 PM
 
Package Identity : Microsoft-Windows-Wifi-Client-Intel-Netwns64-FOD-Package~31bf3856ad364e35~amd64~~10.0.22000.1
State : Installed
Release Type : OnDemand Pack
Install Time : 6/5/2021 2:25 PM
 
Package Identity : Microsoft-Windows-Wifi-Client-Intel-Netwsw00-FOD-Package~31bf3856ad364e35~amd64~~10.0.22000.1
State : Installed
Release Type : OnDemand Pack
Install Time : 6/5/2021 2:25 PM
 
Package Identity : Microsoft-Windows-Wifi-Client-Intel-Netwtw02-FOD-Package~31bf3856ad364e35~amd64~~10.0.22000.1
State : Installed
Release Type : OnDemand Pack
Install Time : 6/5/2021 2:26 PM
 
Package Identity : Microsoft-Windows-Wifi-Client-Intel-Netwtw04-FOD-Package~31bf3856ad364e35~amd64~~10.0.22000.1
State : Installed
Release Type : OnDemand Pack
Install Time : 6/5/2021 2:26 PM
 
Package Identity : Microsoft-Windows-Wifi-Client-Intel-Netwtw06-FOD-Package~31bf3856ad364e35~amd64~~10.0.22000.1
State : Installed
Release Type : OnDemand Pack
Install Time : 6/5/2021 2:26 PM
 
Package Identity : Microsoft-Windows-Wifi-Client-Intel-Netwtw08-FOD-Package~31bf3856ad364e35~amd64~~10.0.22000.1
State : Installed
Release Type : OnDemand Pack
Install Time : 6/5/2021 2:26 PM
 
Package Identity : Microsoft-Windows-Wifi-Client-Marvel-Mrvlpcie8897-FOD-Package~31bf3856ad364e35~amd64~~10.0.22000.1
State : Installed
Release Type : OnDemand Pack
Install Time : 6/5/2021 2:24 PM
 
Package Identity : Microsoft-Windows-Wifi-Client-Qualcomm-Athw8x-FOD-Package~31bf3856ad364e35~amd64~~10.0.22000.1
State : Installed
Release Type : OnDemand Pack
Install Time : 6/5/2021 2:24 PM
 
Package Identity : Microsoft-Windows-Wifi-Client-Qualcomm-Athwnx-FOD-Package~31bf3856ad364e35~amd64~~10.0.22000.1
State : Installed
Release Type : OnDemand Pack
Install Time : 6/5/2021 2:24 PM
 
Package Identity : Microsoft-Windows-Wifi-Client-Qualcomm-Qcamain10x64-FOD-Package~31bf3856ad364e35~amd64~~10.0.22000.1
State : Installed
Release Type : OnDemand Pack
Install Time : 6/5/2021 2:24 PM
 
Package Identity : Microsoft-Windows-Wifi-Client-Ralink-Netr28x-FOD-Package~31bf3856ad364e35~amd64~~10.0.22000.1
State : Installed
Release Type : OnDemand Pack
Install Time : 6/5/2021 2:27 PM
 
Package Identity : Microsoft-Windows-Wifi-Client-Realtek-Rtl8187se-FOD-Package~31bf3856ad364e35~amd64~~10.0.22000.1
State : Installed
Release Type : OnDemand Pack
Install Time : 6/5/2021 2:27 PM
 
Package Identity : Microsoft-Windows-Wifi-Client-Realtek-Rtl8192se-FOD-Package~31bf3856ad364e35~amd64~~10.0.22000.1
State : Installed
Release Type : OnDemand Pack
Install Time : 6/5/2021 2:27 PM
 
Package Identity : Microsoft-Windows-Wifi-Client-Realtek-Rtl819xp-FOD-Package~31bf3856ad364e35~amd64~~10.0.22000.1
State : Installed
Release Type : OnDemand Pack
Install Time : 6/5/2021 2:27 PM
 
Package Identity : Microsoft-Windows-Wifi-Client-Realtek-Rtl85n64-FOD-Package~31bf3856ad364e35~amd64~~10.0.22000.1
State : Installed
Release Type : OnDemand Pack
Install Time : 6/5/2021 2:27 PM
 
Package Identity : Microsoft-Windows-Wifi-Client-Realtek-Rtwlane-FOD-Package~31bf3856ad364e35~amd64~~10.0.22000.1
State : Installed
Release Type : OnDemand Pack
Install Time : 6/5/2021 2:27 PM
 
Package Identity : Microsoft-Windows-Wifi-Client-Realtek-Rtwlane01-FOD-Package~31bf3856ad364e35~amd64~~10.0.22000.1
State : Installed
Release Type : OnDemand Pack
Install Time : 6/5/2021 2:28 PM
 
Package Identity : Microsoft-Windows-Wifi-Client-Realtek-Rtwlane13-FOD-Package~31bf3856ad364e35~amd64~~10.0.22000.1
State : Installed
Release Type : OnDemand Pack
Install Time : 6/5/2021 2:28 PM
 
Package Identity : Microsoft-Windows-WordPad-FoD-Package~31bf3856ad364e35~amd64~en-US~10.0.22000.1
State : Installed
Release Type : OnDemand Pack
Install Time : 6/5/2021 2:23 PM
 
Package Identity : Microsoft-Windows-WordPad-FoD-Package~31bf3856ad364e35~amd64~~10.0.22000.1
State : Installed
Release Type : OnDemand Pack
Install Time : 6/5/2021 2:23 PM
 
Package Identity : Microsoft-Windows-WordPad-FoD-Package~31bf3856ad364e35~wow64~en-US~10.0.22000.1
State : Installed
Release Type : OnDemand Pack
Install Time : 6/5/2021 2:23 PM
 
Package Identity : Microsoft-Windows-WordPad-FoD-Package~31bf3856ad364e35~wow64~~10.0.22000.1
State : Installed
Release Type : OnDemand Pack
Install Time : 6/5/2021 2:23 PM
 
Package Identity : OpenSSH-Client-Package~31bf3856ad364e35~amd64~~10.0.22000.1
State : Installed
Release Type : OnDemand Pack
Install Time : 6/5/2021 2:29 PM
 
Package Identity : Package_for_RollupFix~31bf3856ad364e35~amd64~~22000.100.1.1
State : Superseded
Release Type : Update
Install Time : 7/24/2021 8:25 AM
 
Package Identity : Package_for_RollupFix~31bf3856ad364e35~amd64~~22000.318.1.8
State : Installed
Release Type : Security Update
Install Time : 2/2/2022 6:45 AM
 
Package Identity : Package_for_ServicingStack_280~31bf3856ad364e35~amd64~~22000.280.1.0
State : Installed
Release Type : Update
Install Time : 1/29/2022 10:43 AM
 
Package Identity : Package_for_ServicingStack~31bf3856ad364e35~amd64~~22000.100.1.0
State : Installed
Release Type : Update
Install Time : 7/24/2021 8:18 AM
 
The operation completed successfully.
 
C:\>
