    2/7/2022 4:09:43 PM   Synchronization of Master keys triggered.
    2/7/2022 4:09:45 PM   Synchronization of Master keys triggered.
    2/7/2022 4:43:46 PM   Synchronization of Master keys triggered.
    2/7/2022 4:43:48 PM   Synchronization of Master keys triggered.
    2/7/2022 5:24:09 PM   Synchronization of Master keys triggered.
    2/7/2022 5:24:10 PM   Synchronization of Master keys triggered.
    2/7/2022 5:47:53 PM   Synchronization of Master keys triggered.
    2/7/2022 6:00:48 PM   Synchronization of Master keys triggered.
    2/7/2022 6:00:50 PM   Synchronization of Master keys triggered.
    2/7/2022 6:07:17 PM   Synchronization of Master keys triggered.
    2/7/2022 6:07:20 PM   Synchronization of Master keys triggered.
    2/7/2022 6:09:54 PM   Synchronization of Master keys triggered.
    2/7/2022 6:09:56 PM   Synchronization of Master keys triggered.
    2/7/2022 8:16:52 PM   Synchronization of Master keys triggered.
    2/8/2022 12:09:41 AM  Synchronization of Master keys triggered.
    2/8/2022 3:03:32 AM   Synchronization of Master keys triggered.
    2/8/2022 12:43:22 PM  Synchronization of Master keys triggered.
    2/8/2022 3:41:21 PM   Synchronization of Master keys triggered.
    2/8/2022 4:54:42 PM   Synchronization of Master keys triggered.
    2/8/2022 4:56:33 PM   Synchronization of Master keys triggered.
    2/8/2022 4:59:28 PM   Synchronization of Master keys triggered.
    2/8/2022 5:00:08 PM   Synchronization of Master keys triggered.
    2/8/2022 5:04:42 PM   Synchronization of Master keys triggered.
    2/8/2022 7:03:32 PM   Synchronization of Master keys triggered.
    2/8/2022 9:13:30 PM   Synchronization of Master keys triggered.
    2/8/2022 9:13:31 PM   Synchronization of Master keys triggered.
    2/9/2022 11:12:05 AM  Synchronization of Master keys triggered.
    2/9/2022 12:06:21 PM  Synchronization of Master keys triggered.
    2/9/2022 2:52:19 PM   Synchronization of Master keys triggered.
    2/9/2022 3:37:26 PM   Synchronization of Master keys triggered.
    2/9/2022 3:37:27 PM   Synchronization of Master keys triggered.
    2/9/2022 7:11:06 PM   Synchronization of Master keys triggered.
    2/10/2022 12:16:36 PM Synchronization of Master keys triggered.
    2/11/2022 12:59:47 AM Synchronization of Master keys triggered.
    2/11/2022 1:24:29 PM  Synchronization of Master keys triggered.
    2/11/2022 3:37:04 PM  Synchronization of Master keys triggered.
    2/11/2022 7:39:04 PM  Synchronization of Master keys triggered.
    2/11/2022 9:31:47 PM  Synchronization of Master keys triggered.
    2/11/2022 10:17:06 PM Synchronization of Master keys triggered.
    2/12/2022 12:30:01 AM Synchronization of Master keys triggered.
    2/12/2022 3:50:38 AM  Synchronization of Master keys triggered.
    2/12/2022 1:29:12 PM  Synchronization of Master keys triggered.
    2/12/2022 4:50:25 PM  Synchronization of Master keys triggered.
    2/12/2022 5:29:12 PM  Synchronization of Master keys triggered.
    2/13/2022 3:14:10 AM  Synchronization of Master keys triggered.
    2/13/2022 6:23:29 AM  Synchronization of Master keys triggered.
    2/13/2022 6:27:17 AM  Synchronization of Master keys triggered.
    2/13/2022 6:47:39 AM  Synchronization of Master keys triggered.
    2/13/2022 2:14:40 PM  Synchronization of Master keys triggered.
    2/13/2022 3:02:37 PM  Synchronization of Master keys triggered.
    2/14/2022 3:16:13 AM  Synchronization of Master keys triggered.
    2/14/2022 4:37:09 AM  Synchronization of Master keys triggered.
    2/14/2022 5:12:22 AM  Synchronization of Master keys triggered.
    2/14/2022 5:44:32 AM  Synchronization of Master keys triggered.
    2/14/2022 6:24:31 AM  Synchronization of Master keys triggered.
    2/14/2022 9:07:00 AM  Synchronization of Master keys triggered.
    2/14/2022 3:27:48 PM  Synchronization of Master keys triggered.
    2/14/2022 8:45:06 PM  Synchronization of Master keys triggered.
    2/15/2022 12:21:57 AM Synchronization of Master keys triggered.
    2/15/2022 11:17:58 AM Synchronization of Master keys triggered.
    2/15/2022 12:00:40 PM Synchronization of Master keys triggered.
    2/15/2022 12:17:39 PM Synchronization of Master keys triggered.
    2/15/2022 7:42:33 PM  Synchronization of Master keys triggered.
    2/16/2022 12:47:18 AM Synchronization of Master keys triggered.
    2/16/2022 12:25:23 PM Synchronization of Master keys triggered.
    2/16/2022 2:43:13 PM  Synchronization of Master keys triggered.
    2/16/2022 5:56:44 PM  Synchronization of Master keys triggered.
    2/16/2022 11:16:50 PM Synchronization of Master keys triggered.
    2/17/2022 1:39:56 PM  Synchronization of Master keys triggered.
    2/17/2022 3:22:23 PM  Synchronization of Master keys triggered.
    2/17/2022 10:35:18 PM Synchronization of Master keys triggered.
    2/17/2022 10:35:18 PM Master key's record successfully logged to Diagnostic file....
    2/17/2022 10:35:18 PM Master Key decryption failed because the encryption cred mismatches the decryption cred....
    2/17/2022 10:35:19 PM Master key's record successfully logged to Diagnostic file....
    2/17/2022 10:35:42 PM Master Key decryption failed because the encryption cred mismatches the decryption cred....
    2/17/2022 10:35:42 PM Master key's record successfully logged to Diagnostic file....
    2/18/2022 1:27:39 AM  Synchronization of Master keys triggered.
    2/18/2022 1:27:39 AM  Master Key decryption failed because the encryption cred mismatches the decryption cred....
    2/18/2022 1:27:40 AM  Master key's record successfully logged to Diagnostic file....
    2/18/2022 1:27:40 AM  Master Key decryption failed because the encryption cred mismatches the decryption cred....
    2/18/2022 1:27:40 AM  Master key's record successfully logged to Diagnostic file....
    2/18/2022 1:30:13 AM  Master Key decryption failed because the encryption cred mismatches the decryption cred....
    2/18/2022 1:30:13 AM  Master key's record successfully logged to Diagnostic file....
    2/18/2022 11:07:11 AM Synchronization of Master keys triggered.
    2/18/2022 11:07:11 AM Master Key decryption failed because the encryption cred mismatches the decryption cred....
    2/18/2022 11:07:11 AM Master key's record successfully logged to Diagnostic file....
    2/18/2022 11:07:11 AM Master Key decryption failed because the encryption cred mismatches the decryption cred....
    2/18/2022 11:07:12 AM Master key's record successfully logged to Diagnostic file....
    2/18/2022 11:07:35 AM Master Key decryption failed because the encryption cred mismatches the decryption cred....
    2/18/2022 11:07:35 AM Master key's record successfully logged to Diagnostic file....
    2/18/2022 3:36:41 PM  Synchronization of Master keys triggered.
    2/18/2022 3:36:41 PM  Master Key decryption failed because the encryption cred mismatches the decryption cred....
    2/18/2022 3:36:42 PM  Master key's record successfully logged to Diagnostic file....
    2/18/2022 3:36:42 PM  Master Key decryption failed because the encryption cred mismatches the decryption cred....
    2/18/2022 3:36:42 PM  Master key's record successfully logged to Diagnostic file....
    2/18/2022 3:37:32 PM  Master Key decryption failed because the encryption cred mismatches the decryption cred....
    2/18/2022 3:37:32 PM  Master key's record successfully logged to Diagnostic file....
    2/18/2022 4:44:23 PM  Synchronization of Master keys triggered.
    2/18/2022 4:44:23 PM  Master Key decryption failed because the encryption cred mismatches the decryption cred....
    2/18/2022 4:44:24 PM  Master key's record successfully logged to Diagnostic file....
    2/18/2022 4:44:24 PM  Master Key decryption failed because the encryption cred mismatches the decryption cred....
    2/18/2022 4:44:24 PM  Master key's record successfully logged to Diagnostic file....
    2/18/2022 5:22:01 PM  Master Key decryption failed because the encryption cred mismatches the decryption cred....
    2/18/2022 5:22:02 PM  Master key's record successfully logged to Diagnostic file....
    2/18/2022 5:30:06 PM  Synchronization of Master keys triggered.
    2/18/2022 5:30:06 PM  Master Key decryption failed because the encryption cred mismatches the decryption cred....
    2/18/2022 5:30:06 PM  Master key's record successfully logged to Diagnostic file....
    2/18/2022 5:30:06 PM  Master Key decryption failed because the encryption cred mismatches the decryption cred....
    2/18/2022 5:30:06 PM  Master key's record successfully logged to Diagnostic file....
    2/18/2022 5:30:29 PM  Master Key decryption failed because the encryption cred mismatches the decryption cred....
    2/18/2022 5:30:30 PM  Master key's record successfully logged to Diagnostic file....
    2/18/2022 10:01:53 PM Synchronization of Master keys triggered.
    2/18/2022 10:01:53 PM Master Key decryption failed because the encryption cred mismatches the decryption cred....
    2/18/2022 10:01:53 PM Master key's record successfully logged to Diagnostic file....
    2/18/2022 10:01:53 PM Master Key decryption failed because the encryption cred mismatches the decryption cred....
    2/18/2022 10:01:53 PM Master key's record successfully logged to Diagnostic file....
    2/18/2022 10:07:14 PM Master Key decryption failed because the encryption cred mismatches the decryption cred....
    2/18/2022 10:07:14 PM Master key's record successfully logged to Diagnostic file....
    2/18/2022 10:46:29 PM Synchronization of Master keys triggered.
    2/18/2022 10:46:29 PM Master Key decryption failed because the encryption cred mismatches the decryption cred....
    2/18/2022 10:46:29 PM Master key's record successfully logged to Diagnostic file....
    2/18/2022 10:46:29 PM Master Key decryption failed because the encryption cred mismatches the decryption cred....
    2/18/2022 10:46:29 PM Master key's record successfully logged to Diagnostic file....
    2/18/2022 10:46:51 PM Master Key decryption failed because the encryption cred mismatches the decryption cred....
    2/18/2022 10:46:51 PM Master key's record successfully logged to Diagnostic file....
    2/20/2022 12:49:52 AM Synchronization of Master keys triggered.
    2/20/2022 12:49:52 AM Master Key decryption failed because the encryption cred mismatches the decryption cred....
    2/20/2022 12:49:53 AM Master key's record successfully logged to Diagnostic file....
    2/20/2022 12:49:53 AM Master Key decryption failed because the encryption cred mismatches the decryption cred....
    2/20/2022 12:49:53 AM Master key's record successfully logged to Diagnostic file....
    2/20/2022 12:50:17 AM Master Key decryption failed because the encryption cred mismatches the decryption cred....
    2/20/2022 12:50:17 AM Master Key decryption failed because the encryption cred mismatches the decryption cred....
    2/20/2022 12:50:17 AM Master key's record successfully logged to Diagnostic file....
    2/20/2022 12:50:17 AM Master key's record successfully logged to Diagnostic file....
    2/20/2022 9:35:28 AM  Synchronization of Master keys triggered.
    2/20/2022 9:35:28 AM  Master Key decryption failed because the encryption cred mismatches the decryption cred....
    2/20/2022 9:35:29 AM  Master key's record successfully logged to Diagnostic file....
    2/20/2022 9:35:29 AM  Master Key decryption failed because the encryption cred mismatches the decryption cred....
    2/20/2022 9:35:29 AM  Master key's record successfully logged to Diagnostic file....
    2/20/2022 9:35:53 AM  Master Key decryption failed because the encryption cred mismatches the decryption cred....
    2/20/2022 9:35:53 AM  Master key's record successfully logged to Diagnostic file....
    2/20/2022 4:11:23 PM  Synchronization of Master keys triggered.
    2/20/2022 4:11:23 PM  Master Key decryption failed because the encryption cred mismatches the decryption cred....
    2/20/2022 4:11:23 PM  Master key's record successfully logged to Diagnostic file....
    2/20/2022 4:11:23 PM  Master Key decryption failed because the encryption cred mismatches the decryption cred....
    2/20/2022 4:11:23 PM  Master key's record successfully logged to Diagnostic file....
    2/20/2022 4:29:14 PM  Master Key decryption failed because the encryption cred mismatches the decryption cred....
    2/20/2022 4:29:14 PM  Master key's record successfully logged to Diagnostic file....
    2/20/2022 9:24:24 PM  Synchronization of Master keys triggered.
    2/20/2022 9:24:24 PM  Master Key decryption failed because the encryption cred mismatches the decryption cred....
    2/20/2022 9:24:24 PM  Master key's record successfully logged to Diagnostic file....
    2/20/2022 9:24:24 PM  Master Key decryption failed because the encryption cred mismatches the decryption cred....
    2/20/2022 9:24:24 PM  Master key's record successfully logged to Diagnostic file....
    2/20/2022 9:25:09 PM  Master Key decryption failed because the encryption cred mismatches the decryption cred....
    2/20/2022 9:25:10 PM  Master key's record successfully logged to Diagnostic file....
    2/21/2022 12:07:28 AM Synchronization of Master keys triggered.
    2/21/2022 12:07:28 AM Master Key decryption failed because the encryption cred mismatches the decryption cred....
    2/21/2022 12:07:28 AM Master key's record successfully logged to Diagnostic file....
    2/21/2022 12:07:28 AM Master Key decryption failed because the encryption cred mismatches the decryption cred....
    2/21/2022 12:07:28 AM Master key's record successfully logged to Diagnostic file....
    2/21/2022 12:33:04 AM Master Key decryption failed because the encryption cred mismatches the decryption cred....
    2/21/2022 12:33:04 AM Master key's record successfully logged to Diagnostic file....
    2/21/2022 1:05:44 AM  Synchronization of Master keys triggered.
    2/21/2022 1:05:44 AM  Master Key decryption failed because the encryption cred mismatches the decryption cred....
    2/21/2022 1:05:45 AM  Master key's record successfully logged to Diagnostic file....
    2/21/2022 1:05:45 AM  Master Key decryption failed because the encryption cred mismatches the decryption cred....
    2/21/2022 1:05:45 AM  Master key's record successfully logged to Diagnostic file....
    2/21/2022 1:05:48 AM  Synchronization of Master keys triggered.
    2/21/2022 1:05:48 AM  Master Key decryption failed because the encryption cred mismatches the decryption cred....
    2/21/2022 1:05:48 AM  Master key's record successfully logged to Diagnostic file....
    2/21/2022 1:05:48 AM  Master Key decryption failed because the encryption cred mismatches the decryption cred....
    2/21/2022 1:05:48 AM  Master key's record successfully logged to Diagnostic file....
    2/21/2022 1:14:43 AM  Synchronization of Master keys triggered.
    2/21/2022 1:14:43 AM  Master key's record successfully logged to Diagnostic file....
    2/21/2022 1:14:43 AM  Master Key decryption failed because the encryption cred mismatches the decryption cred....
    2/21/2022 1:14:43 AM  Master key's record successfully logged to Diagnostic file....
    2/21/2022 1:14:45 AM  Synchronization of Master keys triggered.
    2/21/2022 1:14:45 AM  Master Key decryption failed because the encryption cred mismatches the decryption cred....
    2/21/2022 1:14:45 AM  Master key's record successfully logged to Diagnostic file....
    2/21/2022 1:14:45 AM  Master Key decryption failed because the encryption cred mismatches the decryption cred....
    2/21/2022 1:14:45 AM  Master key's record successfully logged to Diagnostic file....
    2/21/2022 2:29:28 AM  Synchronization of Master keys triggered.
    2/21/2022 2:29:28 AM  Master key's record successfully logged to Diagnostic file....
    2/21/2022 2:29:28 AM  Master Key decryption failed because the encryption cred mismatches the decryption cred....
    2/21/2022 2:29:28 AM  Master key's record successfully logged to Diagnostic file....
    2/21/2022 2:29:30 AM  Synchronization of Master keys triggered.
    2/21/2022 2:29:30 AM  Master Key decryption failed because the encryption cred mismatches the decryption cred....
    2/21/2022 2:29:30 AM  Master key's record successfully logged to Diagnostic file....
    2/21/2022 2:29:30 AM  Master Key decryption failed because the encryption cred mismatches the decryption cred....
    2/21/2022 2:29:30 AM  Master key's record successfully logged to Diagnostic file....
    2/21/2022 8:22:10 AM  Synchronization of Master keys triggered.
    2/21/2022 8:22:10 AM  Master key's record successfully logged to Diagnostic file....
    2/21/2022 8:22:10 AM  Master Key decryption failed because the encryption cred mismatches the decryption cred....
    2/21/2022 8:22:10 AM  Master key's record successfully logged to Diagnostic file....
    2/21/2022 8:22:12 AM  Synchronization of Master keys triggered.
    2/21/2022 8:22:12 AM  Master Key decryption failed because the encryption cred mismatches the decryption cred....
    2/21/2022 8:22:12 AM  Master key's record successfully logged to Diagnostic file....
    2/21/2022 8:22:12 AM  Master Key decryption failed because the encryption cred mismatches the decryption cred....
    2/21/2022 8:22:12 AM  Master key's record successfully logged to Diagnostic file....
    2/21/2022 8:25:35 AM  Synchronization of Master keys triggered.
    2/21/2022 8:25:36 AM  Master key's record successfully logged to Diagnostic file....
    2/21/2022 8:25:36 AM  Master Key decryption failed because the encryption cred mismatches the decryption cred....
    2/21/2022 8:25:36 AM  Master key's record successfully logged to Diagnostic file....
    2/21/2022 8:25:37 AM  Synchronization of Master keys triggered.
    2/21/2022 8:25:37 AM  Master Key decryption failed because the encryption cred mismatches the decryption cred....
    2/21/2022 8:25:37 AM  Master key's record successfully logged to Diagnostic file....
    2/21/2022 8:25:37 AM  Master Key decryption failed because the encryption cred mismatches the decryption cred....
    2/21/2022 8:25:37 AM  Master key's record successfully logged to Diagnostic file....
    2/21/2022 7:34:08 PM  Synchronization of Master keys triggered.
    2/21/2022 7:34:08 PM  Master Key decryption failed because the encryption cred mismatches the decryption cred....
    2/21/2022 7:34:08 PM  Master key's record successfully logged to Diagnostic file....
    2/21/2022 7:34:08 PM  Master Key decryption failed because the encryption cred mismatches the decryption cred....
    2/21/2022 7:34:09 PM  Master key's record successfully logged to Diagnostic file....
    2/21/2022 7:34:30 PM  Master Key decryption failed because the encryption cred mismatches the decryption cred....
    2/21/2022 7:34:30 PM  Master key's record successfully logged to Diagnostic file....
    2/21/2022 11:29:38 PM Synchronization of Master keys triggered.
    2/21/2022 11:29:38 PM Master Key decryption failed because the encryption cred mismatches the decryption cred....
    2/21/2022 11:29:39 PM Master key's record successfully logged to Diagnostic file....
    2/21/2022 11:29:39 PM Master Key decryption failed because the encryption cred mismatches the decryption cred....
    2/21/2022 11:29:39 PM Master key's record successfully logged to Diagnostic file....
    2/21/2022 11:39:31 PM Master Key decryption failed because the encryption cred mismatches the decryption cred....
    2/21/2022 11:39:31 PM Master Key decryption failed because the encryption cred mismatches the decryption cred....
    2/21/2022 11:39:31 PM Master key's record successfully logged to Diagnostic file....
    2/21/2022 11:39:31 PM Master key's record successfully logged to Diagnostic file....
    2/22/2022 12:16:51 PM Synchronization of Master keys triggered.
    2/22/2022 12:16:51 PM Master Key decryption failed because the encryption cred mismatches the decryption cred....
    2/22/2022 12:16:51 PM Master key's record successfully logged to Diagnostic file....
    2/22/2022 12:16:51 PM Master Key decryption failed because the encryption cred mismatches the decryption cred....
    2/22/2022 12:16:51 PM Master key's record successfully logged to Diagnostic file....
    2/22/2022 12:39:31 PM Master Key decryption failed because the encryption cred mismatches the decryption cred....
    2/22/2022 12:39:31 PM Master Key decryption failed because the encryption cred mismatches the decryption cred....
    2/22/2022 12:39:31 PM Master key's record successfully logged to Diagnostic file....
    2/22/2022 12:39:31 PM Master key's record successfully logged to Diagnostic file....
    2/22/2022 1:28:53 PM  Synchronization of Master keys triggered.
    2/22/2022 1:28:53 PM  Master Key decryption failed because the encryption cred mismatches the decryption cred....
    2/22/2022 1:28:53 PM  Master key's record successfully logged to Diagnostic file....
    2/22/2022 1:28:53 PM  Master Key decryption failed because the encryption cred mismatches the decryption cred....
    2/22/2022 1:28:53 PM  Master key's record successfully logged to Diagnostic file....
    2/22/2022 1:39:31 PM  Master Key decryption failed because the encryption cred mismatches the decryption cred....
    2/22/2022 1:39:31 PM  Master Key decryption failed because the encryption cred mismatches the decryption cred....
    2/22/2022 1:39:31 PM  Master key's record successfully logged to Diagnostic file....
    2/22/2022 1:39:31 PM  Master key's record successfully logged to Diagnostic file....
    2/23/2022 12:02:11 AM Synchronization of Master keys triggered.
    2/23/2022 12:02:11 AM Master key's record successfully logged to Diagnostic file....
    2/23/2022 12:02:11 AM Master Key decryption failed because the encryption cred mismatches the decryption cred....
    2/23/2022 12:02:11 AM Master key's record successfully logged to Diagnostic file....
    2/23/2022 12:02:13 AM Synchronization of Master keys triggered.
    2/23/2022 12:02:13 AM Master Key decryption failed because the encryption cred mismatches the decryption cred....
    2/23/2022 12:02:13 AM Master key's record successfully logged to Diagnostic file....
    2/23/2022 12:02:13 AM Master Key decryption failed because the encryption cred mismatches the decryption cred....
    2/23/2022 12:02:13 AM Master key's record successfully logged to Diagnostic file....
    2/23/2022 5:39:54 AM  Synchronization of Master keys triggered.
    2/23/2022 5:39:55 AM  Master Key decryption failed because the encryption cred mismatches the decryption cred....
    2/23/2022 5:39:55 AM  Master key's record successfully logged to Diagnostic file....
    2/23/2022 5:39:55 AM  Master Key decryption failed because the encryption cred mismatches the decryption cred....
    2/23/2022 5:39:55 AM  Master key's record successfully logged to Diagnostic file....
    2/23/2022 5:40:11 AM  Master Key decryption failed because the encryption cred mismatches the decryption cred....
    2/23/2022 5:40:11 AM  Master key's record successfully logged to Diagnostic file....
    2/23/2022 5:43:42 AM  Synchronization of Master keys triggered.
    2/23/2022 5:43:42 AM  Master key's record successfully logged to Diagnostic file....
    2/23/2022 5:43:42 AM  Master Key decryption failed because the encryption cred mismatches the decryption cred....
    2/23/2022 5:43:42 AM  Master key's record successfully logged to Diagnostic file....
    2/23/2022 5:43:44 AM  Synchronization of Master keys triggered.
    2/23/2022 5:43:44 AM  Master Key decryption failed because the encryption cred mismatches the decryption cred....
    2/23/2022 5:43:44 AM  Master key's record successfully logged to Diagnostic file....
    2/23/2022 5:43:44 AM  Master Key decryption failed because the encryption cred mismatches the decryption cred....
    2/23/2022 5:43:44 AM  Master key's record successfully logged to Diagnostic file....
    2/23/2022 1:35:35 PM  Synchronization of Master keys triggered.
    2/23/2022 1:35:35 PM  Master Key decryption failed because the encryption cred mismatches the decryption cred....
    2/23/2022 1:35:35 PM  Master key's record successfully logged to Diagnostic file....
    2/23/2022 1:35:35 PM  Master Key decryption failed because the encryption cred mismatches the decryption cred....
    2/23/2022 1:35:35 PM  Master key's record successfully logged to Diagnostic file....
    2/23/2022 1:44:08 PM  Master Key decryption failed because the encryption cred mismatches the decryption cred....
    2/23/2022 1:44:08 PM  Master Key decryption failed because the encryption cred mismatches the decryption cred....
    2/23/2022 1:44:08 PM  Master key's record successfully logged to Diagnostic file....
    2/23/2022 1:44:08 PM  Master key's record successfully logged to Diagnostic file....
    2/23/2022 7:41:30 PM  Synchronization of Master keys triggered.
    2/23/2022 7:41:30 PM  Master Key decryption failed because the encryption cred mismatches the decryption cred....
    2/23/2022 7:41:30 PM  Master key's record successfully logged to Diagnostic file....
    2/23/2022 7:41:30 PM  Master Key decryption failed because the encryption cred mismatches the decryption cred....
    2/23/2022 7:41:31 PM  Master key's record successfully logged to Diagnostic file....
    2/23/2022 7:44:08 PM  Master Key decryption failed because the encryption cred mismatches the decryption cred....
    2/23/2022 7:44:08 PM  Master Key decryption failed because the encryption cred mismatches the decryption cred....
    2/23/2022 7:44:08 PM  Master key's record successfully logged to Diagnostic file....
    2/23/2022 7:44:08 PM  Master key's record successfully logged to Diagnostic file....
    2/23/2022 10:55:42 PM Synchronization of Master keys triggered.
    2/23/2022 10:55:42 PM Master Key decryption failed because the encryption cred mismatches the decryption cred....
    2/23/2022 10:55:43 PM Master key's record successfully logged to Diagnostic file....
    2/23/2022 10:55:43 PM Master Key decryption failed because the encryption cred mismatches the decryption cred....
    2/23/2022 10:55:43 PM Master key's record successfully logged to Diagnostic file....
    2/23/2022 10:56:05 PM Master Key decryption failed because the encryption cred mismatches the decryption cred....
    2/23/2022 10:56:05 PM Master key's record successfully logged to Diagnostic file....
    2/24/2022 8:41:53 AM  Synchronization of Master keys triggered.
    2/24/2022 8:41:53 AM  Master Key decryption failed because the encryption cred mismatches the decryption cred....
    2/24/2022 8:41:53 AM  Master key's record successfully logged to Diagnostic file....
    2/24/2022 8:41:53 AM  Master Key decryption failed because the encryption cred mismatches the decryption cred....
    2/24/2022 8:41:53 AM  Master key's record successfully logged to Diagnostic file....
    2/24/2022 8:42:06 AM  Master Key decryption failed because the encryption cred mismatches the decryption cred....
    2/24/2022 8:42:06 AM  Master key's record successfully logged to Diagnostic file....
    2/24/2022 9:06:48 AM  Synchronization of Master keys triggered.
    2/24/2022 9:06:48 AM  Master Key decryption failed because the encryption cred mismatches the decryption cred....
    2/24/2022 9:06:48 AM  Master key's record successfully logged to Diagnostic file....
    2/24/2022 9:06:48 AM  Master Key decryption failed because the encryption cred mismatches the decryption cred....
    2/24/2022 9:06:48 AM  Master key's record successfully logged to Diagnostic file....
    2/24/2022 9:11:40 AM  Master Key decryption failed because the encryption cred mismatches the decryption cred....
    2/24/2022 9:11:40 AM  Master key's record successfully logged to Diagnostic file....
    2/24/2022 11:33:52 AM Synchronization of Master keys triggered.
    2/24/2022 11:33:52 AM Master Key decryption failed because the encryption cred mismatches the decryption cred....
    2/24/2022 11:33:52 AM Master key's record successfully logged to Diagnostic file....
    2/24/2022 11:33:52 AM Master Key decryption failed because the encryption cred mismatches the decryption cred....
    2/24/2022 11:33:52 AM Master key's record successfully logged to Diagnostic file....
    2/24/2022 11:37:21 AM Master Key decryption failed because the encryption cred mismatches the decryption cred....
    2/24/2022 11:37:22 AM Master key's record successfully logged to Diagnostic file....
    2/24/2022 4:13:15 PM  Synchronization of Master keys triggered.
    2/24/2022 4:13:15 PM  Master Key decryption failed because the encryption cred mismatches the decryption cred....
    2/24/2022 4:13:16 PM  Master key's record successfully logged to Diagnostic file....
    2/24/2022 4:13:16 PM  Master Key decryption failed because the encryption cred mismatches the decryption cred....
    2/24/2022 4:13:16 PM  Master key's record successfully logged to Diagnostic file....
    2/24/2022 4:13:31 PM  Master Key decryption failed because the encryption cred mismatches the decryption cred....
    2/24/2022 4:13:31 PM  Master key's record successfully logged to Diagnostic file....
    2/25/2022 8:45:04 AM  Synchronization of Master keys triggered.
    2/25/2022 8:45:04 AM  Master Key decryption failed because the encryption cred mismatches the decryption cred....
    2/25/2022 8:45:04 AM  Master key's record successfully logged to Diagnostic file....
    2/25/2022 8:45:04 AM  Master Key decryption failed because the encryption cred mismatches the decryption cred....
    2/25/2022 8:45:05 AM  Master key's record successfully logged to Diagnostic file....
    2/25/2022 8:45:28 AM  Master Key decryption failed because the encryption cred mismatches the decryption cred....
    2/25/2022 8:45:29 AM  Master key's record successfully logged to Diagnostic file....
    2/25/2022 3:20:32 PM  Synchronization of Master keys triggered.
    2/25/2022 3:20:32 PM  Master Key decryption failed because the encryption cred mismatches the decryption cred....
    2/25/2022 3:20:32 PM  Master key's record successfully logged to Diagnostic file....
    2/25/2022 3:20:32 PM  Master Key decryption failed because the encryption cred mismatches the decryption cred....
    2/25/2022 3:20:32 PM  Master key's record successfully logged to Diagnostic file....
    2/25/2022 3:44:05 PM  Master Key decryption failed because the encryption cred mismatches the decryption cred....
    2/25/2022 3:44:05 PM  Master Key decryption failed because the encryption cred mismatches the decryption cred....
    2/25/2022 3:44:05 PM  Master key's record successfully logged to Diagnostic file....
    2/25/2022 3:44:05 PM  Master key's record successfully logged to Diagnostic file....
    2/25/2022 10:34:10 PM Synchronization of Master keys triggered.
    2/25/2022 10:34:10 PM Master Key decryption failed because the encryption cred mismatches the decryption cred....
    2/25/2022 10:34:10 PM Master key's record successfully logged to Diagnostic file....
    2/25/2022 10:34:10 PM Master Key decryption failed because the encryption cred mismatches the decryption cred....
    2/25/2022 10:34:10 PM Master key's record successfully logged to Diagnostic file....
    2/25/2022 10:38:35 PM Master Key decryption failed because the encryption cred mismatches the decryption cred....
    2/25/2022 10:38:35 PM Master key's record successfully logged to Diagnostic file....
    2/26/2022 6:56:46 AM  Synchronization of Master keys triggered.
    2/26/2022 6:56:46 AM  Master Key decryption failed because the encryption cred mismatches the decryption cred....
    2/26/2022 6:56:46 AM  Master key's record successfully logged to Diagnostic file....
    2/26/2022 6:56:46 AM  Master Key decryption failed because the encryption cred mismatches the decryption cred....
    2/26/2022 6:56:46 AM  Master key's record successfully logged to Diagnostic file....
    2/26/2022 6:57:09 AM  Master Key decryption failed because the encryption cred mismatches the decryption cred....
    2/26/2022 6:57:09 AM  Master key's record successfully logged to Diagnostic file....
    2/26/2022 7:02:22 AM  Synchronization of Master keys triggered.
    2/26/2022 7:02:22 AM  Master key's record successfully logged to Diagnostic file....
    2/26/2022 7:02:22 AM  Master Key decryption failed because the encryption cred mismatches the decryption cred....
    2/26/2022 7:02:22 AM  Master key's record successfully logged to Diagnostic file....
    2/26/2022 7:02:24 AM  Synchronization of Master keys triggered.
    2/26/2022 7:02:24 AM  Master Key decryption failed because the encryption cred mismatches the decryption cred....
    2/26/2022 7:02:24 AM  Master key's record successfully logged to Diagnostic file....
    2/26/2022 7:02:24 AM  Master Key decryption failed because the encryption cred mismatches the decryption cred....
    2/26/2022 7:02:25 AM  Master key's record successfully logged to Diagnostic file....
    2/26/2022 10:32:58 PM Synchronization of Master keys triggered.
    2/26/2022 10:32:58 PM Master Key decryption failed because the encryption cred mismatches the decryption cred....
    2/26/2022 10:32:59 PM Master key's record successfully logged to Diagnostic file....
    2/26/2022 10:32:59 PM Master Key decryption failed because the encryption cred mismatches the decryption cred....
    2/26/2022 10:32:59 PM Master key's record successfully logged to Diagnostic file....
    2/26/2022 10:41:36 PM Master Key decryption failed because the encryption cred mismatches the decryption cred....
    2/26/2022 10:41:37 PM Master key's record successfully logged to Diagnostic file....
    2/26/2022 10:59:54 PM Synchronization of Master keys triggered.
    2/26/2022 10:59:54 PM Master key's record successfully logged to Diagnostic file....
    2/26/2022 10:59:54 PM Master Key decryption failed because the encryption cred mismatches the decryption cred....
    2/26/2022 10:59:54 PM Master key's record successfully logged to Diagnostic file....
    2/26/2022 10:59:55 PM Synchronization of Master keys triggered.
    2/26/2022 10:59:55 PM Master Key decryption failed because the encryption cred mismatches the decryption cred....
    2/26/2022 10:59:55 PM Master key's record successfully logged to Diagnostic file....
    2/26/2022 10:59:55 PM Master Key decryption failed because the encryption cred mismatches the decryption cred....
    2/26/2022 10:59:55 PM Master key's record successfully logged to Diagnostic file....
    2/26/2022 11:49:12 PM DPAPI Unprotect failed ....
    2/26/2022 11:49:12 PM Master Key decryption failed because no record of this key can be found in the Diagnostic file....
    2/26/2022 11:49:12 PM Master key access failed....
    2/26/2022 11:49:12 PM DPAPI Unprotect failed ....
    2/26/2022 11:49:12 PM Master key access failed....
    2/26/2022 11:49:12 PM Master Key decryption failed because no record of this key can be found in the Diagnostic file....
    2/26/2022 11:49:12 PM DPAPI Unprotect failed ....
    2/26/2022 11:49:12 PM Master key access failed....
    2/26/2022 11:49:12 PM Master Key decryption failed because no record of this key can be found in the Diagnostic file....
    2/26/2022 11:49:12 PM Master key's record failed to log to Diagnostic file....
    2/26/2022 11:49:12 PM DPAPI created Master key....
    2/26/2022 11:49:13 PM Synchronization of Master keys triggered.
    2/26/2022 11:49:13 PM Master Key decryption failed because no record of this key can be found in the Diagnostic file....
    2/26/2022 11:49:13 PM Master key access failed....
    2/26/2022 11:49:15 PM DPAPI Unprotect failed ....
    2/26/2022 11:49:15 PM Master Key decryption failed because no record of this key can be found in the Diagnostic file....
    2/26/2022 11:49:15 PM Master key access failed....
    2/26/2022 11:49:15 PM Master Key decryption failed because no record of this key can be found in the Diagnostic file....
    2/26/2022 11:49:15 PM Master key access failed....
    2/26/2022 11:49:15 PM DPAPI Unprotect failed ....
    2/26/2022 11:49:15 PM DPAPI Unprotect failed ....
    2/26/2022 11:49:15 PM Master Key decryption failed because no record of this key can be found in the Diagnostic file....
    2/26/2022 11:49:15 PM Master key access failed....
    2/26/2022 11:49:15 PM DPAPI Unprotect failed ....
    2/26/2022 11:49:15 PM Master key access failed....
    2/26/2022 11:49:15 PM Master Key decryption failed because no record of this key can be found in the Diagnostic file....
    2/26/2022 11:49:15 PM Master Key decryption failed because no record of this key can be found in the Diagnostic file....
    2/26/2022 11:49:15 PM Master key access failed....
    2/26/2022 11:49:15 PM DPAPI Unprotect failed ....
    2/26/2022 11:49:15 PM Master Key decryption failed because no record of this key can be found in the Diagnostic file....
    2/26/2022 11:49:15 PM Master key access failed....
    2/26/2022 11:49:15 PM DPAPI Unprotect failed ....
    2/26/2022 11:49:16 PM DPAPI Unprotect failed ....
    2/26/2022 11:49:16 PM Master key access failed....
    2/26/2022 11:49:16 PM Master Key decryption failed because no record of this key can be found in the Diagnostic file....
    2/26/2022 11:49:16 PM DPAPI Unprotect failed ....
    2/26/2022 11:49:16 PM Master key access failed....
    2/26/2022 11:49:16 PM Master Key decryption failed because no record of this key can be found in the Diagnostic file....
    2/26/2022 11:49:22 PM DPAPI Unprotect failed ....
    2/26/2022 11:49:22 PM Master key access failed....
    2/26/2022 11:49:22 PM Master Key decryption failed because no record of this key can be found in the Diagnostic file....
    2/26/2022 11:49:22 PM Master Key decryption failed because no record of this key can be found in the Diagnostic file....
    2/26/2022 11:49:22 PM Master key access failed....
    2/26/2022 11:49:22 PM DPAPI Unprotect failed ....
    2/26/2022 11:49:25 PM Master Key decryption failed because no record of this key can be found in the Diagnostic file....
    2/26/2022 11:49:25 PM Master key access failed....
    2/26/2022 11:49:25 PM DPAPI Unprotect failed ....
    2/26/2022 11:49:26 PM DPAPI Unprotect failed ....
    2/26/2022 11:49:26 PM Master Key decryption failed because no record of this key can be found in the Diagnostic file....
    2/26/2022 11:49:26 PM Master key access failed....
    2/26/2022 11:49:26 PM DPAPI Unprotect failed ....
    2/26/2022 11:49:26 PM Master key access failed....
    2/26/2022 11:49:26 PM Master Key decryption failed because no record of this key can be found in the Diagnostic file....
    2/26/2022 11:49:31 PM Master Key decryption failed because no record of this key can be found in the Diagnostic file....
    2/26/2022 11:49:31 PM Master key access failed....
    2/26/2022 11:49:31 PM DPAPI Unprotect failed ....
    2/26/2022 11:49:32 PM Master Key decryption failed because no record of this key can be found in the Diagnostic file....
    2/26/2022 11:49:32 PM Master key access failed....
    2/26/2022 11:49:32 PM DPAPI Unprotect failed ....
    2/26/2022 11:49:34 PM DPAPI Unprotect failed ....
    2/26/2022 11:49:34 PM Master Key decryption failed because no record of this key can be found in the Diagnostic file....
    2/26/2022 11:49:34 PM Master key access failed....
    2/26/2022 11:49:56 PM DPAPI Unprotect failed ....
    2/26/2022 11:49:56 PM Master key access failed....
    2/26/2022 11:49:56 PM Master Key decryption failed because no record of this key can be found in the Diagnostic file....
    2/26/2022 11:50:21 PM DPAPI Unprotect failed ....
    2/26/2022 11:50:21 PM Master key access failed....
    2/26/2022 11:50:21 PM Master Key decryption failed because no record of this key can be found in the Diagnostic file....
    2/26/2022 11:51:12 PM DPAPI Unprotect failed ....
    2/26/2022 11:51:12 PM Master key access failed....
    2/26/2022 11:51:12 PM Master Key decryption failed because no record of this key can be found in the Diagnostic file....
    2/26/2022 11:53:15 PM DPAPI Unprotect failed ....
    2/26/2022 11:53:15 PM Master key access failed....
    2/26/2022 11:53:15 PM Master Key decryption failed because no record of this key can be found in the Diagnostic file....
    2/26/2022 11:53:15 PM DPAPI Unprotect failed ....
    2/26/2022 11:53:15 PM Master Key decryption failed because no record of this key can be found in the Diagnostic file....
    2/26/2022 11:53:15 PM Master key access failed....
    2/26/2022 11:53:15 PM DPAPI Unprotect failed ....
    2/26/2022 11:53:15 PM Master Key decryption failed because no record of this key can be found in the Diagnostic file....
    2/26/2022 11:53:15 PM Master key access failed....
    2/26/2022 11:54:15 PM DPAPI Unprotect failed ....
    2/26/2022 11:54:15 PM Master Key decryption failed because no record of this key can be found in the Diagnostic file....
    2/26/2022 11:54:15 PM Master key access failed....
    2/26/2022 11:54:32 PM Master Key decryption failed because no record of this key can be found in the Diagnostic file....
    2/26/2022 11:54:32 PM Master key access failed....
    2/26/2022 11:54:32 PM DPAPI Unprotect failed ....
    2/27/2022 12:24:39 AM Master Key decryption failed because no record of this key can be found in the Diagnostic file....
    2/27/2022 12:24:39 AM Master key access failed....
    2/27/2022 12:24:39 AM DPAPI Unprotect failed ....
    2/27/2022 12:24:39 AM DPAPI Unprotect failed ....
    2/27/2022 12:24:39 AM Master key access failed....
    2/27/2022 12:24:39 AM Master Key decryption failed because no record of this key can be found in the Diagnostic file....
    2/27/2022 12:25:11 AM DPAPI Unprotect failed ....
    2/27/2022 12:25:11 AM Master Key decryption failed because no record of this key can be found in the Diagnostic file....
    2/27/2022 12:25:11 AM Master key access failed....
    2/27/2022 12:25:11 AM Master key access failed....
    2/27/2022 12:25:11 AM DPAPI Unprotect failed ....
    2/27/2022 12:25:11 AM Master key access failed....
    2/27/2022 12:25:11 AM Master Key decryption failed because no record of this key can be found in the Diagnostic file....
    2/27/2022 12:25:11 AM DPAPI Unprotect failed ....
    2/27/2022 12:25:11 AM Master Key decryption failed because no record of this key can be found in the Diagnostic file....
    2/27/2022 12:25:11 AM Master Key decryption failed because no record of this key can be found in the Diagnostic file....
    2/27/2022 12:25:11 AM Master key access failed....
    2/27/2022 12:25:11 AM DPAPI Unprotect failed ....
    2/27/2022 12:25:11 AM Master Key decryption failed because no record of this key can be found in the Diagnostic file....
    2/27/2022 12:25:11 AM Master key access failed....
    2/27/2022 12:25:11 AM DPAPI Unprotect failed ....
    2/27/2022 12:25:12 AM DPAPI Unprotect failed ....
    2/27/2022 12:25:12 AM Master Key decryption failed because no record of this key can be found in the Diagnostic file....
    2/27/2022 12:25:12 AM Master key access failed....
    2/27/2022 12:25:13 AM DPAPI Unprotect failed ....
    2/27/2022 12:25:13 AM Master key access failed....
    2/27/2022 12:25:13 AM Master Key decryption failed because no record of this key can be found in the Diagnostic file....
    2/27/2022 12:25:17 AM Master Key decryption failed because no record of this key can be found in the Diagnostic file....
    2/27/2022 12:25:17 AM Master key access failed....
    2/27/2022 12:25:17 AM DPAPI Unprotect failed ....
    2/27/2022 12:25:20 AM Master Key decryption failed because no record of this key can be found in the Diagnostic file....
    2/27/2022 12:25:20 AM Master key access failed....
    2/27/2022 12:25:20 AM DPAPI Unprotect failed ....
    2/27/2022 12:25:22 AM DPAPI Unprotect failed ....
    2/27/2022 12:25:22 AM Master Key decryption failed because no record of this key can be found in the Diagnostic file....
    2/27/2022 12:25:22 AM Master key access failed....
    2/27/2022 12:25:22 AM DPAPI Unprotect failed ....
    2/27/2022 12:25:22 AM Master key access failed....
    2/27/2022 12:25:22 AM Master Key decryption failed because no record of this key can be found in the Diagnostic file....
    2/27/2022 12:25:25 AM DPAPI Unprotect failed ....
    2/27/2022 12:25:25 AM Master key access failed....
    2/27/2022 12:25:25 AM Master Key decryption failed because no record of this key can be found in the Diagnostic file....
    2/27/2022 12:25:26 AM DPAPI Unprotect failed ....
    2/27/2022 12:25:26 AM Master key access failed....
    2/27/2022 12:25:26 AM Master Key decryption failed because no record of this key can be found in the Diagnostic file....
    2/27/2022 12:25:26 AM DPAPI Unprotect failed ....
    2/27/2022 12:25:26 AM Master Key decryption failed because no record of this key can be found in the Diagnostic file....
    2/27/2022 12:25:26 AM Master key access failed....
    2/27/2022 12:25:26 AM Master Key decryption failed because no record of this key can be found in the Diagnostic file....
    2/27/2022 12:25:26 AM Master key access failed....
    2/27/2022 12:25:26 AM DPAPI Unprotect failed ....
    2/27/2022 12:25:29 AM DPAPI Unprotect failed ....
    2/27/2022 12:25:29 AM Master Key decryption failed because no record of this key can be found in the Diagnostic file....
    2/27/2022 12:25:29 AM Master key access failed....
    2/27/2022 12:25:36 AM DPAPI Unprotect failed ....
    2/27/2022 12:25:36 AM Master key access failed....
    2/27/2022 12:25:36 AM Master Key decryption failed because no record of this key can be found in the Diagnostic file....
    2/27/2022 12:25:36 AM DPAPI Unprotect failed ....
    2/27/2022 12:25:36 AM Master key access failed....
    2/27/2022 12:25:36 AM Master Key decryption failed because no record of this key can be found in the Diagnostic file....
    2/27/2022 12:25:38 AM DPAPI Unprotect failed ....
    2/27/2022 12:25:38 AM Master Key decryption failed because no record of this key can be found in the Diagnostic file....
    2/27/2022 12:25:38 AM Master key access failed....
    2/27/2022 12:25:41 AM DPAPI Unprotect failed ....
    2/27/2022 12:25:41 AM Master Key decryption failed because no record of this key can be found in the Diagnostic file....
    2/27/2022 12:25:41 AM Master key access failed....
    2/27/2022 12:25:50 AM Master key's record successfully logged to Diagnostic file....
    2/27/2022 7:55:50 AM  Synchronization of Master keys triggered.
    2/27/2022 7:55:50 AM  Master Key decryption failed because the encryption cred mismatches the decryption cred....
    2/27/2022 7:55:50 AM  Master key's record successfully logged to Diagnostic file....
    2/27/2022 7:55:50 AM  Master Key decryption failed because the encryption cred mismatches the decryption cred....
    2/27/2022 7:55:50 AM  Master key's record successfully logged to Diagnostic file....
    2/27/2022 7:57:22 AM  Master Key decryption failed because the encryption cred mismatches the decryption cred....
    2/27/2022 7:57:22 AM  Master key's record successfully logged to Diagnostic file....
    2/27/2022 8:20:02 AM  Synchronization of Master keys triggered.
    2/27/2022 8:20:02 AM  Master Key decryption failed because the encryption cred mismatches the decryption cred....
    2/27/2022 8:20:02 AM  Master key's record successfully logged to Diagnostic file....
    2/27/2022 8:20:02 AM  Master Key decryption failed because the encryption cred mismatches the decryption cred....
    2/27/2022 8:20:02 AM  Master key's record successfully logged to Diagnostic file....
    2/27/2022 8:20:03 AM  Synchronization of Master keys triggered.
    2/27/2022 8:20:03 AM  Master Key decryption failed because the encryption cred mismatches the decryption cred....
    2/27/2022 8:20:03 AM  Master key's record successfully logged to Diagnostic file....
    2/27/2022 8:20:04 AM  Master Key decryption failed because the encryption cred mismatches the decryption cred....
    2/27/2022 8:20:04 AM  Master key's record successfully logged to Diagnostic file....
    2/27/2022 8:21:16 AM  Synchronization of Master keys triggered.
    2/27/2022 8:21:17 AM  Master Key decryption failed because the encryption cred mismatches the decryption cred....
    2/27/2022 8:21:17 AM  Master key's record successfully logged to Diagnostic file....
    2/27/2022 8:21:17 AM  Master Key decryption failed because the encryption cred mismatches the decryption cred....
    2/27/2022 8:21:17 AM  Master key's record successfully logged to Diagnostic file....
    2/27/2022 8:21:17 AM  Synchronization of Master keys triggered.
    2/27/2022 8:21:17 AM  Master Key decryption failed because the encryption cred mismatches the decryption cred....
    2/27/2022 8:21:17 AM  Master key's record successfully logged to Diagnostic file....
    2/27/2022 8:21:17 AM  Master Key decryption failed because the encryption cred mismatches the decryption cred....
    2/27/2022 8:21:17 AM  Master key's record successfully logged to Diagnostic file....
    2/27/2022 3:07:42 PM  Synchronization of Master keys triggered.
    2/27/2022 3:07:42 PM  Master Key decryption failed because the encryption cred mismatches the decryption cred....
    2/27/2022 3:07:42 PM  Master key's record successfully logged to Diagnostic file....
    2/27/2022 3:07:42 PM  Master Key decryption failed because the encryption cred mismatches the decryption cred....
    2/27/2022 3:07:42 PM  Master key's record successfully logged to Diagnostic file....
    2/27/2022 3:08:31 PM  Master Key decryption failed because the encryption cred mismatches the decryption cred....
    2/27/2022 3:08:31 PM  Master key's record successfully logged to Diagnostic file....
    2/27/2022 11:08:04 PM Synchronization of Master keys triggered.
    2/27/2022 11:08:04 PM Master Key decryption failed because the encryption cred mismatches the decryption cred....
    2/27/2022 11:08:04 PM Master key's record successfully logged to Diagnostic file....
    2/27/2022 11:08:04 PM Master Key decryption failed because the encryption cred mismatches the decryption cred....
    2/27/2022 11:08:04 PM Master key's record successfully logged to Diagnostic file....
    2/27/2022 11:21:32 PM Master Key decryption failed because the encryption cred mismatches the decryption cred....
    2/27/2022 11:21:32 PM Master key's record successfully logged to Diagnostic file....
    2/28/2022 8:50:53 AM  Synchronization of Master keys triggered.
    2/28/2022 8:50:53 AM  Master Key decryption failed because the encryption cred mismatches the decryption cred....
    2/28/2022 8:50:53 AM  Master key's record successfully logged to Diagnostic file....
    2/28/2022 8:50:53 AM  Master Key decryption failed because the encryption cred mismatches the decryption cred....
    2/28/2022 8:50:53 AM  Master key's record successfully logged to Diagnostic file....
    2/28/2022 8:53:02 AM  Master Key decryption failed because the encryption cred mismatches the decryption cred....
    2/28/2022 8:53:02 AM  Master key's record successfully logged to Diagnostic file....
    2/28/2022 5:24:24 PM  Synchronization of Master keys triggered.
    2/28/2022 5:24:24 PM  Master Key decryption failed because the encryption cred mismatches the decryption cred....
    2/28/2022 5:24:25 PM  Master key's record successfully logged to Diagnostic file....
    2/28/2022 5:24:25 PM  Master Key decryption failed because the encryption cred mismatches the decryption cred....
    2/28/2022 5:24:25 PM  Master key's record successfully logged to Diagnostic file....
    2/28/2022 5:26:33 PM  Master Key decryption failed because the encryption cred mismatches the decryption cred....
    2/28/2022 5:26:34 PM  Master key's record successfully logged to Diagnostic file....
